<?xml version="1.0" encoding="UTF-8"?>
<!-- Generated by org.testng.reporters.JUnitXMLReporter -->
<testsuite ignored="0" hostname="LAPTOP-6CEV7V9E" failures="0" tests="5" name="Default test" time="36.345" errors="0" timestamp="2025-05-27T16:43:15 IST">
  <testcase classname="test.D_NewTest4" name="testfive" time="1.74"/>
  <testcase classname="test.D_NewTest4" name="testfour" time="22.744"/>
  <testcase classname="test.D_NewTest4" name="testthree" time="5.268"/>
  <testcase classname="test.D_NewTest4" name="testtwo" time="1.425"/>
  <testcase classname="test.D_NewTest4" name="testone" time="1.354"/>
</testsuite> <!-- Default test -->
