<?xml version="1.0" encoding="UTF-8"?>
<testng-results ignored="0" total="5" passed="5" failed="0" skipped="0">
  <reporter-output>
  </reporter-output>
  <suite started-at="2025-05-27T16:42:38 IST" name="Default suite" finished-at="2025-05-27T16:43:14 IST" duration-ms="36345">
    <groups>
    </groups>
    <test started-at="2025-05-27T16:42:38 IST" name="Default test" finished-at="2025-05-27T16:43:14 IST" duration-ms="36345">
      <class name="test.D_NewTest4">
        <test-method is-config="true" signature="beforeSuite()[pri:0, instance:test.D_NewTest4@8297b3a]" started-at="2025-05-27T16:42:38 IST" name="beforeSuite" finished-at="2025-05-27T16:42:38 IST" duration-ms="25" status="PASS">
          <reporter-output>
          </reporter-output>
        </test-method> <!-- beforeSuite -->
        <test-method is-config="true" signature="beforeTest()[pri:0, instance:test.D_NewTest4@8297b3a]" started-at="2025-05-27T16:42:38 IST" name="beforeTest" finished-at="2025-05-27T16:42:41 IST" duration-ms="3159" status="PASS">
          <reporter-output>
          </reporter-output>
        </test-method> <!-- beforeTest -->
        <test-method is-config="true" signature="beforeClass()[pri:0, instance:test.D_NewTest4@8297b3a]" started-at="2025-05-27T16:42:41 IST" name="beforeClass" finished-at="2025-05-27T16:42:41 IST" duration-ms="4" status="PASS">
          <reporter-output>
          </reporter-output>
        </test-method> <!-- beforeClass -->
        <test-method is-config="true" signature="beforeMethod()[pri:0, instance:test.D_NewTest4@8297b3a]" started-at="2025-05-27T16:42:41 IST" name="beforeMethod" finished-at="2025-05-27T16:42:41 IST" duration-ms="1" status="PASS">
          <reporter-output>
          </reporter-output>
        </test-method> <!-- beforeMethod -->
        <test-method signature="testfive()[pri:0, instance:test.D_NewTest4@8297b3a]" started-at="2025-05-27T16:42:41 IST" name="testfive" description="verify zudio application" finished-at="2025-05-27T16:42:43 IST" duration-ms="1740" status="PASS">
          <reporter-output>
          </reporter-output>
        </test-method> <!-- testfive -->
        <test-method is-config="true" signature="afterMethod()[pri:0, instance:test.D_NewTest4@8297b3a]" started-at="2025-05-27T16:42:43 IST" name="afterMethod" finished-at="2025-05-27T16:42:43 IST" duration-ms="2" status="PASS">
          <reporter-output>
          </reporter-output>
        </test-method> <!-- afterMethod -->
        <test-method is-config="true" signature="beforeMethod()[pri:0, instance:test.D_NewTest4@8297b3a]" started-at="2025-05-27T16:42:43 IST" name="beforeMethod" finished-at="2025-05-27T16:42:43 IST" duration-ms="2" status="PASS">
          <reporter-output>
          </reporter-output>
        </test-method> <!-- beforeMethod -->
        <test-method signature="testfour()[pri:0, instance:test.D_NewTest4@8297b3a]" started-at="2025-05-27T16:42:43 IST" name="testfour" description="verify amazon application" finished-at="2025-05-27T16:43:06 IST" duration-ms="22744" status="PASS">
          <reporter-output>
          </reporter-output>
        </test-method> <!-- testfour -->
        <test-method is-config="true" signature="afterMethod()[pri:0, instance:test.D_NewTest4@8297b3a]" started-at="2025-05-27T16:43:06 IST" name="afterMethod" finished-at="2025-05-27T16:43:06 IST" duration-ms="0" status="PASS">
          <reporter-output>
          </reporter-output>
        </test-method> <!-- afterMethod -->
        <test-method signature="testthree()[pri:0, instance:test.D_NewTest4@8297b3a]" started-at="2025-05-27T16:43:06 IST" name="testthree" description="verify techlearn application" finished-at="2025-05-27T16:43:11 IST" duration-ms="5268" status="PASS">
          <reporter-output>
          </reporter-output>
        </test-method> <!-- testthree -->
        <test-method is-config="true" signature="beforeMethod()[pri:0, instance:test.D_NewTest4@8297b3a]" started-at="2025-05-27T16:43:06 IST" name="beforeMethod" finished-at="2025-05-27T16:43:06 IST" duration-ms="0" status="PASS">
          <reporter-output>
          </reporter-output>
        </test-method> <!-- beforeMethod -->
        <test-method is-config="true" signature="afterMethod()[pri:0, instance:test.D_NewTest4@8297b3a]" started-at="2025-05-27T16:43:11 IST" name="afterMethod" finished-at="2025-05-27T16:43:11 IST" duration-ms="1" status="PASS">
          <reporter-output>
          </reporter-output>
        </test-method> <!-- afterMethod -->
        <test-method is-config="true" signature="beforeMethod()[pri:0, instance:test.D_NewTest4@8297b3a]" started-at="2025-05-27T16:43:11 IST" name="beforeMethod" finished-at="2025-05-27T16:43:11 IST" duration-ms="0" status="PASS">
          <reporter-output>
          </reporter-output>
        </test-method> <!-- beforeMethod -->
        <test-method signature="testtwo()[pri:0, instance:test.D_NewTest4@8297b3a]" started-at="2025-05-27T16:43:11 IST" name="testtwo" description="verify facebook application" finished-at="2025-05-27T16:43:13 IST" duration-ms="1425" status="PASS">
          <reporter-output>
          </reporter-output>
        </test-method> <!-- testtwo -->
        <test-method is-config="true" signature="afterMethod()[pri:0, instance:test.D_NewTest4@8297b3a]" started-at="2025-05-27T16:43:13 IST" name="afterMethod" finished-at="2025-05-27T16:43:13 IST" duration-ms="1" status="PASS">
          <reporter-output>
          </reporter-output>
        </test-method> <!-- afterMethod -->
        <test-method is-config="true" signature="beforeMethod()[pri:0, instance:test.D_NewTest4@8297b3a]" started-at="2025-05-27T16:43:13 IST" name="beforeMethod" finished-at="2025-05-27T16:43:13 IST" duration-ms="5" status="PASS">
          <reporter-output>
          </reporter-output>
        </test-method> <!-- beforeMethod -->
        <test-method signature="testone()[pri:1, instance:test.D_NewTest4@8297b3a]" started-at="2025-05-27T16:43:13 IST" name="testone" description="verify google application" finished-at="2025-05-27T16:43:14 IST" duration-ms="1354" status="PASS">
          <reporter-output>
          </reporter-output>
        </test-method> <!-- testone -->
        <test-method is-config="true" signature="afterMethod()[pri:0, instance:test.D_NewTest4@8297b3a]" started-at="2025-05-27T16:43:14 IST" name="afterMethod" finished-at="2025-05-27T16:43:14 IST" duration-ms="1" status="PASS">
          <reporter-output>
          </reporter-output>
        </test-method> <!-- afterMethod -->
        <test-method is-config="true" signature="afterClass()[pri:0, instance:test.D_NewTest4@8297b3a]" started-at="2025-05-27T16:43:14 IST" name="afterClass" finished-at="2025-05-27T16:43:14 IST" duration-ms="1" status="PASS">
          <reporter-output>
          </reporter-output>
        </test-method> <!-- afterClass -->
        <test-method is-config="true" signature="afterTest()[pri:0, instance:test.D_NewTest4@8297b3a]" started-at="2025-05-27T16:43:14 IST" name="afterTest" finished-at="2025-05-27T16:43:14 IST" duration-ms="436" status="PASS">
          <reporter-output>
          </reporter-output>
        </test-method> <!-- afterTest -->
        <test-method is-config="true" signature="afterSuite()[pri:0, instance:test.D_NewTest4@8297b3a]" started-at="2025-05-27T16:43:15 IST" name="afterSuite" finished-at="2025-05-27T16:43:15 IST" duration-ms="2" status="PASS">
          <reporter-output>
          </reporter-output>
        </test-method> <!-- afterSuite -->
      </class> <!-- test.D_NewTest4 -->
    </test> <!-- Default test -->
  </suite> <!-- Default suite -->
</testng-results>
